-------------------------------------------------------------------------------
Test set: br.com.gubee.interview.core.features.hero.HeroControllerTest
-------------------------------------------------------------------------------
Tests run: 11, Failures: 1, Errors: 0, Skipped: 0, Time elapsed: 5.226 s <<< FAILURE! - in br.com.gubee.interview.core.features.hero.HeroControllerTest
shouldReturnHeroIfNameExists  Time elapsed: 0.022 s  <<< FAILURE!
java.lang.AssertionError: Status expected:<200> but was:<400>
	at br.com.gubee.interview.core.features.hero.HeroControllerTest.shouldReturnHeroIfNameExists(HeroControllerTest.java:93)

